<?xml version="1.0" encoding="UTF-8"?>
<!-- Generated by org.testng.reporters.JUnitReportReporter -->
<testsuite hostname="LIN-5CG1048QB9" failures="0" tests="1" name="shikshaRunner.TestRunner1$TestRunner" time="40.851" errors="0" timestamp="2024-04-18T15:47:16 IST" skipped="0">
  <testcase classname="shikshaRunner.TestRunner1$TestRunner" name="runScenario" time="40.851"/>
</testsuite> <!-- shikshaRunner.TestRunner1$TestRunner -->
